<?xml version="1.0" encoding="UTF-8"?>
<!-- Generated by org.testng.reporters.JUnitXMLReporter -->
<testsuite ignored="0" hostname="IDEAPAD-PRO" failures="0" tests="3" name="SearchEngine TestCase" time="6.771" errors="0" timestamp="2025-02-11T16:31:32 IST">
  <testcase classname="example01.RuningByMethods.SearchEngine" name="googleTestCase" time="1.799"/>
  <testcase classname="example01.RuningByMethods.SearchEngine" name="bingTestCase" time="0.656"/>
  <testcase classname="example01.RuningByMethods.SearchEngine" name="yandexTestCase" time="2.805"/>
</testsuite> <!-- SearchEngine TestCase -->
