<?xml version="1.0" encoding="UTF-8"?>
<!-- Generated by org.testng.reporters.JUnitXMLReporter -->
<testsuite ignored="0" hostname="IDEAPAD-PRO" failures="0" tests="3" name="SocialWebLink TestCase" time="13.931" errors="0" timestamp="2025-02-11T16:31:25 IST">
  <testcase classname="example01.RuningByMethods.SocialWebLink" name="facebookTestCase" time="1.063"/>
  <testcase classname="example01.RuningByMethods.SocialWebLink" name="linkedinTestCase" time="1.22"/>
  <testcase classname="example01.RuningByMethods.SocialWebLink" name="twitterTestCase" time="9.347"/>
</testsuite> <!-- SocialWebLink TestCase -->
