<?xml version="1.0" encoding="UTF-8"?>
<!-- Generated by org.testng.reporters.JUnitXMLReporter -->
<testsuite ignored="0" hostname="MAHENDRAs-MacBook-Air.local" failures="2" tests="5" name="Test" time="13.626" errors="0" timestamp="2024-06-21T23:16:36 IST">
  <testcase classname="example15.Screenshots.VerifyPageTitle" name="verifyBingPageTitle" time="0.364"/>
  <testcase classname="example15.Screenshots.VerifyPageTitle" name="verifyFacebookPageTitle" time="1.064">
    <failure type="java.lang.AssertionError" message="expected:&amp;lt;Facebook – log in or sign up&amp;gt; but was:&amp;lt;Facebook – log in or sign up - capture&amp;gt;">
      <![CDATA[java.lang.AssertionError: expected:<Facebook – log in or sign up> but was:<Facebook – log in or sign up - capture>
at example15.Screenshots.VerifyPageTitle.verifyFacebookPageTitle(VerifyPageTitle.java:39)
at java.base/java.util.ArrayList.forEach(ArrayList.java:1596)
... Removed 27 stack frames]]>
    </failure>
  </testcase> <!-- verifyFacebookPageTitle -->
  <testcase classname="example15.Screenshots.VerifyPageTitle" name="verifyGooglePageTitle" time="0.945"/>
  <testcase classname="example15.Screenshots.VerifyPageTitle" name="verifyTwitterPageTitle" time="6.299">
    <failure type="java.lang.AssertionError" message="expected:&amp;lt;&amp;gt; but was:&amp;lt;X. It’s what’s happening / X - capture&amp;gt;">
      <![CDATA[java.lang.AssertionError: expected:<> but was:<X. It’s what’s happening / X - capture>
at example15.Screenshots.VerifyPageTitle.verifyTwitterPageTitle(VerifyPageTitle.java:47)
at java.base/java.util.ArrayList.forEach(ArrayList.java:1596)
... Removed 27 stack frames]]>
    </failure>
  </testcase> <!-- verifyTwitterPageTitle -->
  <testcase classname="example15.Screenshots.VerifyPageTitle" name="verifyYandexPageTitle" time="2.009"/>
</testsuite> <!-- Test -->
