<?xml version="1.0" encoding="UTF-8"?>
<!-- Generated by org.testng.reporters.JUnitXMLReporter -->
<testsuite ignored="0" hostname="IDEAPAD-PRO" failures="1" tests="1" name="Hard Assertion TestCase" time="3.15" errors="0" timestamp="2025-02-11T16:32:45 IST">
  <testcase classname="example03.Assertions.TestngUsingHardAssert" name="validationUsingHardAssert" time="1.437">
    <failure type="java.lang.AssertionError" message="Page logo is not displaying. expected [false] but found [true]">
      <![CDATA[java.lang.AssertionError: Page logo is not displaying. expected [false] but found [true]
at example03.Assertions.TestngUsingHardAssert.validationUsingHardAssert(TestngUsingHardAssert.java:35)
at java.base/java.util.ArrayList.forEach(ArrayList.java:1596)
... Removed 28 stack frames]]>
    </failure>
  </testcase> <!-- validationUsingHardAssert -->
</testsuite> <!-- Hard Assertion TestCase -->
